# JRE version: OpenJDK Runtime Environment (8.0_472-b08) (build 1.8.0_472-b08)
# Java VM: OpenJDK 64-Bit Server VM (25.472-b08 mixed mode windows-amd64 compressed oops)
Heap:
 PSYoungGen      total 71168K, used 36960K [0x00000000d5c00000, 0x00000000de200000, 0x0000000100000000)
  eden space 60416K, 43% used [0x00000000d5c00000,0x00000000d75a00b0,0x00000000d9700000)
  from space 10752K, 99% used [0x00000000d9700000,0x00000000da1782d8,0x00000000da180000)
  to   space 14848K, 0% used [0x00000000dd380000,0x00000000dd380000,0x00000000de200000)
 ParOldGen       total 51712K, used 13581K [0x0000000081400000, 0x0000000084680000, 0x00000000d5c00000)
  object space 51712K, 26% used [0x0000000081400000,0x0000000082143698,0x0000000084680000)
 Metaspace       used 28440K, capacity 29558K, committed 29824K, reserved 1075200K
  class space    used 3385K, capacity 3669K, committed 3712K, reserved 1048576K
GC Heap History (10 events):
Event: 9.919 GC heap before
{Heap before GC invocations=4 (full 0):
 PSYoungGen      total 38400K, used 38368K [0x00000000d5c00000, 0x00000000da700000, 0x0000000100000000)
  eden space 33280K, 100% used [0x00000000d5c00000,0x00000000d7c80000,0x00000000d7c80000)
  from space 5120K, 99% used [0x00000000d7c80000,0x00000000d81783f0,0x00000000d8180000)
  to   space 5120K, 0% used [0x00000000da200000,0x00000000da200000,0x00000000da700000)
 ParOldGen       total 87552K, used 5781K [0x0000000081400000, 0x0000000086980000, 0x00000000d5c00000)
  object space 87552K, 6% used [0x0000000081400000,0x00000000819a55d0,0x0000000086980000)
 Metaspace       used 19829K, capacity 20616K, committed 20736K, reserved 1067008K
  class space    used 2493K, capacity 2722K, committed 2816K, reserved 1048576K
Event: 9.930 GC heap after
Heap after GC invocations=4 (full 0):
 PSYoungGen      total 38400K, used 5104K [0x00000000d5c00000, 0x00000000da700000, 0x0000000100000000)
  eden space 33280K, 0% used [0x00000000d5c00000,0x00000000d5c00000,0x00000000d7c80000)
  from space 5120K, 99% used [0x00000000da200000,0x00000000da6fc2d0,0x00000000da700000)
  to   space 5120K, 0% used [0x00000000d7c80000,0x00000000d7c80000,0x00000000d8180000)
 ParOldGen       total 87552K, used 9390K [0x0000000081400000, 0x0000000086980000, 0x00000000d5c00000)
  object space 87552K, 10% used [0x0000000081400000,0x0000000081d2b9d0,0x0000000086980000)
 Metaspace       used 19829K, capacity 20616K, committed 20736K, reserved 1067008K
  class space    used 2493K, capacity 2722K, committed 2816K, reserved 1048576K
}
Event: 10.004 GC heap before
{Heap before GC invocations=5 (full 0):
 PSYoungGen      total 38400K, used 7171K [0x00000000d5c00000, 0x00000000da700000, 0x0000000100000000)
  eden space 33280K, 6% used [0x00000000d5c00000,0x00000000d5e049e8,0x00000000d7c80000)
  from space 5120K, 99% used [0x00000000da200000,0x00000000da6fc2d0,0x00000000da700000)
  to   space 5120K, 0% used [0x00000000d7c80000,0x00000000d7c80000,0x00000000d8180000)
 ParOldGen       total 87552K, used 9390K [0x0000000081400000, 0x0000000086980000, 0x00000000d5c00000)
  object space 87552K, 10% used [0x0000000081400000,0x0000000081d2b9d0,0x0000000086980000)
 Metaspace       used 20298K, capacity 21156K, committed 21248K, reserved 1067008K
  class space    used 2546K, capacity 2728K, committed 2816K, reserved 1048576K
Event: 10.011 GC heap after
Heap after GC invocations=5 (full 0):
 PSYoungGen      total 38400K, used 5088K [0x00000000d5c00000, 0x00000000db100000, 0x0000000100000000)
  eden space 33280K, 0% used [0x00000000d5c00000,0x00000000d5c00000,0x00000000d7c80000)
  from space 5120K, 99% used [0x00000000d7c80000,0x00000000d81782c0,0x00000000d8180000)
  to   space 10240K, 0% used [0x00000000da700000,0x00000000da700000,0x00000000db100000)
 ParOldGen       total 87552K, used 9672K [0x0000000081400000, 0x0000000086980000, 0x00000000d5c00000)
  object space 87552K, 11% used [0x0000000081400000,0x0000000081d721e0,0x0000000086980000)
 Metaspace       used 20298K, capacity 21156K, committed 21248K, reserved 1067008K
  class space    used 2546K, capacity 2728K, committed 2816K, reserved 1048576K
}
Event: 10.011 GC heap before
{Heap before GC invocations=6 (full 1):
 PSYoungGen      total 38400K, used 5088K [0x00000000d5c00000, 0x00000000db100000, 0x0000000100000000)
  eden space 33280K, 0% used [0x00000000d5c00000,0x00000000d5c00000,0x00000000d7c80000)
  from space 5120K, 99% used [0x00000000d7c80000,0x00000000d81782c0,0x00000000d8180000)
  to   space 10240K, 0% used [0x00000000da700000,0x00000000da700000,0x00000000db100000)
 ParOldGen       total 87552K, used 9672K [0x0000000081400000, 0x0000000086980000, 0x00000000d5c00000)
  object space 87552K, 11% used [0x0000000081400000,0x0000000081d721e0,0x0000000086980000)
 Metaspace       used 20298K, capacity 21156K, committed 21248K, reserved 1067008K
  class space    used 2546K, capacity 2728K, committed 2816K, reserved 1048576K
Event: 10.061 GC heap after
Heap after GC invocations=6 (full 1):
 PSYoungGen      total 38400K, used 0K [0x00000000d5c00000, 0x00000000db100000, 0x0000000100000000)
  eden space 33280K, 0% used [0x00000000d5c00000,0x00000000d5c00000,0x00000000d7c80000)
  from space 5120K, 0% used [0x00000000d7c80000,0x00000000d7c80000,0x00000000d8180000)
  to   space 10240K, 0% used [0x00000000da700000,0x00000000da700000,0x00000000db100000)
 ParOldGen       total 51712K, used 7616K [0x0000000081400000, 0x0000000084680000, 0x00000000d5c00000)
  object space 51712K, 14% used [0x0000000081400000,0x0000000081b701d0,0x0000000084680000)
 Metaspace       used 20298K, capacity 21156K, committed 21248K, reserved 1067008K
  class space    used 2546K, capacity 2728K, committed 2816K, reserved 1048576K
}
Event: 15.452 GC heap before
{Heap before GC invocations=7 (full 1):
 PSYoungGen      total 38400K, used 33280K [0x00000000d5c00000, 0x00000000db100000, 0x0000000100000000)
  eden space 33280K, 100% used [0x00000000d5c00000,0x00000000d7c80000,0x00000000d7c80000)
  from space 5120K, 0% used [0x00000000d7c80000,0x00000000d7c80000,0x00000000d8180000)
  to   space 10240K, 0% used [0x00000000da700000,0x00000000da700000,0x00000000db100000)
 ParOldGen       total 51712K, used 7616K [0x0000000081400000, 0x0000000084680000, 0x00000000d5c00000)
  object space 51712K, 14% used [0x0000000081400000,0x0000000081b701d0,0x0000000084680000)
 Metaspace       used 23989K, capacity 25078K, committed 25344K, reserved 1071104K
  class space    used 2994K, capacity 3285K, committed 3328K, reserved 1048576K
Event: 15.464 GC heap after
Heap after GC invocations=7 (full 1):
 PSYoungGen      total 65536K, used 3429K [0x00000000d5c00000, 0x00000000dac00000, 0x0000000100000000)
  eden space 60416K, 0% used [0x00000000d5c00000,0x00000000d5c00000,0x00000000d9700000)
  from space 5120K, 66% used [0x00000000da700000,0x00000000daa596e8,0x00000000dac00000)
  to   space 10752K, 0% used [0x00000000d9700000,0x00000000d9700000,0x00000000da180000)
 ParOldGen       total 51712K, used 7624K [0x0000000081400000, 0x0000000084680000, 0x00000000d5c00000)
  object space 51712K, 14% used [0x0000000081400000,0x0000000081b721d0,0x0000000084680000)
 Metaspace       used 23989K, capacity 25078K, committed 25344K, reserved 1071104K
  class space    used 2994K, capacity 3285K, committed 3328K, reserved 1048576K
}
Event: 21.111 GC heap before
{Heap before GC invocations=8 (full 1):
 PSYoungGen      total 65536K, used 63845K [0x00000000d5c00000, 0x00000000dac00000, 0x0000000100000000)
  eden space 60416K, 100% used [0x00000000d5c00000,0x00000000d9700000,0x00000000d9700000)
  from space 5120K, 66% used [0x00000000da700000,0x00000000daa596e8,0x00000000dac00000)
  to   space 10752K, 0% used [0x00000000d9700000,0x00000000d9700000,0x00000000da180000)
 ParOldGen       total 51712K, used 7624K [0x0000000081400000, 0x0000000084680000, 0x00000000d5c00000)
  object space 51712K, 14% used [0x0000000081400000,0x0000000081b721d0,0x0000000084680000)
 Metaspace       used 28071K, capacity 29174K, committed 29312K, reserved 1075200K
  class space    used 3378K, capacity 3669K, committed 3712K, reserved 1048576K
Event: 21.146 GC heap after
Heap after GC invocations=8 (full 1):
 PSYoungGen      total 71168K, used 10720K [0x00000000d5c00000, 0x00000000de200000, 0x0000000100000000)
  eden space 60416K, 0% used [0x00000000d5c00000,0x00000000d5c00000,0x00000000d9700000)
  from space 10752K, 99% used [0x00000000d9700000,0x00000000da1782d8,0x00000000da180000)
  to   space 14848K, 0% used [0x00000000dd380000,0x00000000dd380000,0x00000000de200000)
 ParOldGen       total 51712K, used 13581K [0x0000000081400000, 0x0000000084680000, 0x00000000d5c00000)
  object space 51712K, 26% used [0x0000000081400000,0x0000000082143698,0x0000000084680000)
 Metaspace       used 28071K, capacity 29174K, committed 29312K, reserved 1075200K
  class space    used 3378K, capacity 3669K, committed 3712K, reserved 1048576K
}

